Received message: {"FaucetID":"Faucet286","GroupID":"Group12","TotalUsageCount":-5438974198929124711,"TotalUsageWater":768.348222566713,"TotalUsageTime":46.62468343530763,"StatusLeak":true,"StatusSensor":false,"Timestamp":1688664410187}
Received message: {"FaucetID":"Faucet446","GroupID":"Group2","TotalUsageCount":304082117110665077,"TotalUsageWater":712.5065587998289,"TotalUsageTime":65.38640984478502,"StatusLeak":true,"StatusSensor":false,"Timestamp":1688664415176}
Received message: {"FaucetID":"Faucet684","GroupID":"Group66","TotalUsageCount":6671165833045293855,"TotalUsageWater":214.8854154049018,"TotalUsageTime":12.905257442572838,"StatusLeak":false,"StatusSensor":false,"Timestamp":1688664420176}
Received message: {"FaucetID":"Faucet257","GroupID":"Group46","TotalUsageCount":5547650025708114685,"TotalUsageWater":495.71819503102876,"TotalUsageTime":62.90691074924373,"StatusLeak":false,"StatusSensor":false,"Timestamp":1688664425176}
Received message: {"FaucetID":"Faucet365","GroupID":"Group13","TotalUsageCount":-2016093170623987666,"TotalUsageWater":650.8656679869276,"TotalUsageTime":80.81298161763118,"StatusLeak":true,"StatusSensor":false,"Timestamp":1688664430176}
Received message: {"FaucetID":"Faucet351","GroupID":"Group17","TotalUsageCount":4603917745739020074,"TotalUsageWater":254.64084710037716,"TotalUsageTime":36.9031850015457,"StatusLeak":false,"StatusSensor":false,"Timestamp":1688664435176}
Received message: {"FaucetID":"Faucet785","GroupID":"Group15","TotalUsageCount":961008198217147577,"TotalUsageWater":136.31528414201367,"TotalUsageTime":90.71828865482755,"StatusLeak":false,"StatusSensor":false,"Timestamp":1688664440176}
Received message: {"FaucetID":"Faucet694","GroupID":"Group18","TotalUsageCount":1910441898062372240,"TotalUsageWater":823.8011135251743,"TotalUsageTime":62.46767854749534,"StatusLeak":false,"StatusSensor":true,"Timestamp":1688664445176}
Received message: {"FaucetID":"Faucet604","GroupID":"Group0","TotalUsageCount":-2276157710000569320,"TotalUsageWater":219.5967952730179,"TotalUsageTime":33.964910264188575,"StatusLeak":false,"StatusSensor":true,"Timestamp":1688664450176}
Received message: {"FaucetID":"Faucet719","GroupID":"Group10","TotalUsageCount":6709201987700680733,"TotalUsageWater":253.3786142148633,"TotalUsageTime":25.16706333530969,"StatusLeak":false,"StatusSensor":true,"Timestamp":1688664455176}
Received message: {"FaucetID":"Faucet98","GroupID":"Group96","TotalUsageCount":8716637382855923332,"TotalUsageWater":85.37144066470925,"TotalUsageTime":18.251821976078077,"StatusLeak":true,"StatusSensor":false,"Timestamp":1688664460176}
Received message: {"FaucetID":"Faucet683","GroupID":"Group7","TotalUsageCount":8182690699712918321,"TotalUsageWater":243.16507007288845,"TotalUsageTime":46.74355571026604,"StatusLeak":true,"StatusSensor":false,"Timestamp":1688664465176}
Received message: {"FaucetID":"Faucet271","GroupID":"Group83","TotalUsageCount":4709025027033898440,"TotalUsageWater":11.294691725830752,"TotalUsageTime":32.282695295860286,"StatusLeak":false,"StatusSensor":false,"Timestamp":1688664470176}
Received message: {"FaucetID":"Faucet309","GroupID":"Group36","TotalUsageCount":549080614160701935,"TotalUsageWater":380.0111662048131,"TotalUsageTime":37.14033875833914,"StatusLeak":true,"StatusSensor":false,"Timestamp":1688664475176}
Received message: {"FaucetID":"Faucet129","GroupID":"Group54","TotalUsageCount":1466775417496686133,"TotalUsageWater":855.5407625488683,"TotalUsageTime":98.19436625575258,"StatusLeak":true,"StatusSensor":true,"Timestamp":1688664480176}
Received message: {"FaucetID":"Faucet221","GroupID":"Group78","TotalUsageCount":-142163499390863149,"TotalUsageWater":57.90196084415189,"TotalUsageTime":13.9521386989088,"StatusLeak":true,"StatusSensor":true,"Timestamp":1688664485176}
Received message: {"FaucetID":"Faucet316","GroupID":"Group14","TotalUsageCount":5488397788077754327,"TotalUsageWater":507.59801946361347,"TotalUsageTime":57.54393173609761,"StatusLeak":true,"StatusSensor":false,"Timestamp":1688664490176}
Received message: {"FaucetID":"Faucet118","GroupID":"Group40","TotalUsageCount":-3484677110749666684,"TotalUsageWater":533.0939306546894,"TotalUsageTime":12.661069972984663,"StatusLeak":true,"StatusSensor":false,"Timestamp":1688664495176}
Received message: {"FaucetID":"Faucet698","GroupID":"Group45","TotalUsageCount":3778726484525118439,"TotalUsageWater":328.4851473611663,"TotalUsageTime":9.826343637486302,"StatusLeak":true,"StatusSensor":false,"Timestamp":1688664500176}
Received message: {"FaucetID":"Faucet741","GroupID":"Group54","TotalUsageCount":2185971075573398252,"TotalUsageWater":129.3571880642743,"TotalUsageTime":46.74972598491417,"StatusLeak":true,"StatusSensor":true,"Timestamp":1688664505176}
Received message: {"FaucetID":"Faucet21","GroupID":"Group73","TotalUsageCount":-6397577438456325503,"TotalUsageWater":955.6784022220232,"TotalUsageTime":68.34890243931126,"StatusLeak":false,"StatusSensor":false,"Timestamp":1688664510176}
Received message: {"FaucetID":"Faucet159","GroupID":"Group36","TotalUsageCount":2417584407405472901,"TotalUsageWater":633.9283483514879,"TotalUsageTime":89.13276831283203,"StatusLeak":false,"StatusSensor":true,"Timestamp":1688664515176}
Received message: {"FaucetID":"Faucet370","GroupID":"Group69","TotalUsageCount":3535066428521727126,"TotalUsageWater":840.3074688139061,"TotalUsageTime":37.60676404686416,"StatusLeak":false,"StatusSensor":true,"Timestamp":1688664520176}
Received message: {"FaucetID":"Faucet341","GroupID":"Group39","TotalUsageCount":-11263099003786250,"TotalUsageWater":27.552034307400607,"TotalUsageTime":35.022147567809995,"StatusLeak":true,"StatusSensor":true,"Timestamp":1688664525176}
